2021/10/20 21:31:42 Back End Application started...
2021/10/20 21:31:42 Execute insert into weather: ID = 37174 TempC = 23.81 TempF = 74.86 Hum = 71.73 Pres = 1019.35 Alt = -64390.25 Hi = 24.12 DewPoint = 18.38
2021/10/20 21:32:57 Back End Application started...
2021/10/20 21:32:57 Execute insert into weather: ID = 37175 TempC = 23.95 TempF = 75.11 Hum = 71.03 Pres = 1019.36 Alt = -64390.41 Hi = 24.26 DewPoint = 18.36
2021/10/20 21:37:57 Execute insert into weather: ID = 37176 TempC = 24.07 TempF = 75.33 Hum = 70.27 Pres = 1019.42 Alt = -64391.73 Hi = 24.37 DewPoint = 18.30
2021/10/20 21:39:51 Back End Application started...
2021/10/20 21:40:28 Execute insert into weather: ID = 37177 TempC = 24.25 TempF = 75.65 Hum = 69.55 Pres = 1019.37 Alt = -64390.62 Hi = 24.54 DewPoint = 18.31
2021/10/20 21:42:04 Back End Application started...
2021/10/20 21:42:21 Execute insert into weather: ID = 37178 TempC = 24.40 TempF = 75.92 Hum = 68.97 Pres = 1019.42 Alt = -64391.67 Hi = 24.69 DewPoint = 18.32
2021/10/20 21:49:55 Back End Application started...
2021/10/20 21:49:55 Execute insert into weather: ID = 37179 TempC = 24.34 TempF = 75.81 Hum = 68.65 Pres = 1019.38 Alt = -64390.91 Hi = 24.62 DewPoint = 18.19
2021/10/20 21:58:09 Back End Application started...
2021/10/20 21:58:09 Execute insert into weather: ID = 37180 TempC = 0.00 TempF = 0.00 Hum = 0.00 Pres = 0.00 Alt = 0.00 Hi = 0.00 DewPoint = 0.00
2021/10/20 22:02:01 Back End Application started...
2021/10/20 22:02:02 Execute insert into weather: ID = 37181 TempC = 24.01 TempF = 75.22 Hum = 69.27 Pres = 1019.40 Alt = -64391.35 Hi = 24.28 DewPoint = 18.02
2021/10/20 22:03:41 Back End Application started...
2021/10/20 22:03:45 Execute insert into weather: ID = 37182 TempC = 23.90 TempF = 74.86 Hum = 70.51 Pres = 1019.26 Alt = -64388.40 Hi = 24.09 DewPoint = 18.19
2021/10/20 22:08:45 Execute insert into weather: ID = 37183 TempC = 23.88 TempF = 74.98 Hum = 70.83 Pres = 1019.51 Alt = -64393.61 Hi = 24.17 DewPoint = 18.25
2021/10/20 22:09:19 Back End Application started...
2021/10/20 22:09:19 Execute insert into weather: ID = 37184 TempC = 23.95 TempF = 75.11 Hum = 70.56 Pres = 1019.41 Alt = -64391.53 Hi = 24.24 DewPoint = 18.25
2021/10/20 22:14:19 Execute insert into weather: ID = 37185 TempC = 24.17 TempF = 75.51 Hum = 69.58 Pres = 1019.26 Alt = -64388.43 Hi = 24.46 DewPoint = 18.24
2021/10/20 22:19:19 Execute insert into weather: ID = 37186 TempC = 23.98 TempF = 75.16 Hum = 69.43 Pres = 1019.41 Alt = -64391.44 Hi = 24.24 DewPoint = 18.02
2021/10/20 22:24:19 Execute insert into weather: ID = 37187 TempC = 23.85 TempF = 74.93 Hum = 69.81 Pres = 1019.39 Alt = -64391.07 Hi = 24.11 DewPoint = 17.99
2021/10/20 22:26:39 Back End Application started...
2021/10/20 22:26:39 listen tcp :9000: bind: address already in use
2021/10/20 22:26:55 Back End Application started...
2021/10/20 22:26:55 Execute insert into weather: ID = 37188 TempC = 23.82 TempF = 74.88 Hum = 69.91 Pres = 1019.34 Alt = -64390.04 Hi = 24.08 DewPoint = 17.98
2021/10/20 22:30:04 Back End Application started...
2021/10/20 22:30:04 Execute insert into weather: ID = 37189 TempC = 23.88 TempF = 74.98 Hum = 69.74 Pres = 1019.38 Alt = -64390.81 Hi = 24.14 DewPoint = 18.00
2021/10/20 22:31:02 Back End Application started...
2021/10/20 22:31:02 Execute insert into weather: ID = 37190 TempC = 23.88 TempF = 74.98 Hum = 70.00 Pres = 1019.33 Alt = -64389.86 Hi = 24.15 DewPoint = 18.06
2021/10/20 22:36:02 Execute insert into weather: ID = 37191 TempC = 24.01 TempF = 75.22 Hum = 69.79 Pres = 1019.41 Alt = -64391.52 Hi = 24.29 DewPoint = 18.14
2021/10/20 23:05:01 Back End Application started...
2021/10/20 23:05:01 Get "http://192.168.3.50/weather": context deadline exceeded (Client.Timeout exceeded while awaiting headers)
2021/10/20 23:09:15 Back End Application started...
2021/10/20 23:09:15 Get "http://192.168.3.50/weather": context deadline exceeded (Client.Timeout exceeded while awaiting headers)
2021/10/20 23:14:15 Get "http://192.168.3.50/weather": context deadline exceeded (Client.Timeout exceeded while awaiting headers)
2021/10/20 23:20:19 Back End Application started...
2021/10/20 23:20:19 Get "http://192.168.3.50/weather": context deadline exceeded (Client.Timeout exceeded while awaiting headers)
2021/10/20 23:21:40 Back End Application started...
2021/10/20 23:21:40 Get "http://192.168.3.50/weather": context deadline exceeded (Client.Timeout exceeded while awaiting headers)
2021/10/20 23:45:02 Back End Application started...
2021/10/20 23:45:02 Get "http://192.168.3.50/weather": context deadline exceeded (Client.Timeout exceeded while awaiting headers)
2021/10/20 23:45:38 Back End Application started...
2021/10/20 23:45:38 Get "http://192.168.3.50/weather": context deadline exceeded (Client.Timeout exceeded while awaiting headers)
2021/10/20 23:46:32 Back End Application started...
2021/10/20 23:46:32 Execute insert into weather: ID = 37192 TempC = 23.78 TempF = 74.80 Hum = 70.46 Pres = 1019.21 Alt = -64387.36 Hi = 24.05 DewPoint = 18.07
2021/10/20 23:49:31 Back End Application started...
2021/10/20 23:49:31 Execute insert into weather: ID = 37193 TempC = 23.78 TempF = 74.80 Hum = 70.69 Pres = 1019.07 Alt = -64384.56 Hi = 24.06 DewPoint = 18.12
2021/10/20 23:50:10 Back End Application started...
2021/10/20 23:50:11 Execute insert into weather: ID = 37194 TempC = 23.80 TempF = 74.84 Hum = 70.81 Pres = 1019.19 Alt = -64386.93 Hi = 24.08 DewPoint = 18.17
2021/10/20 23:51:21 Back End Application started...
2021/10/20 23:51:21 Execute insert into weather: ID = 37195 TempC = 23.83 TempF = 74.89 Hum = 70.74 Pres = 1019.07 Alt = -64384.59 Hi = 24.11 DewPoint = 18.18
2021/10/20 23:56:21 Execute insert into weather: ID = 37196 TempC = 23.85 TempF = 74.93 Hum = 71.00 Pres = 1019.05 Alt = -64384.16 Hi = 24.14 DewPoint = 18.26
2021/10/20 23:57:36 Back End Application started...
2021/10/20 23:57:36 Execute insert into weather: ID = 37197 TempC = 23.83 TempF = 74.89 Hum = 71.11 Pres = 1019.03 Alt = -64383.64 Hi = 24.12 DewPoint = 18.26
2021/10/20 23:59:19 Back End Application started...
2021/10/20 23:59:19 Execute insert into weather: ID = 37198 TempC = 23.86 TempF = 74.95 Hum = 70.89 Pres = 1018.82 Alt = -64379.45 Hi = 24.16 DewPoint = 18.24
